<?xml version="1.0" encoding="UTF-8"?>
<testsuite xmlns:xsi="http://www.w3.org/2001/XMLSchema-instance" xsi:schemaLocation="https://maven.apache.org/surefire/maven-surefire-plugin/xsd/surefire-test-report.xsd" name="domainapp.application.integtests.mml.MetaModelService_IntegTest" time="3.102" tests="2" errors="0" skipped="2" failures="0">
  <properties>
    <property name="java.runtime.name" value="OpenJDK Runtime Environment"/>
    <property name="sun.boot.library.path" value="/usr/lib/jvm/java-8-openjdk-amd64/jre/lib/amd64"/>
    <property name="java.vm.version" value="25.292-b10"/>
    <property name="java.vm.vendor" value="Private Build"/>
    <property name="maven.multiModuleProjectDirectory" value="/home/taslehoof/IdeaProjects/jslRepo"/>
    <property name="java.vendor.url" value="http://java.oracle.com/"/>
    <property name="path.separator" value=":"/>
    <property name="guice.disable.misplaced.annotation.check" value="true"/>
    <property name="java.vm.name" value="OpenJDK 64-Bit Server VM"/>
    <property name="file.encoding.pkg" value="sun.io"/>
    <property name="user.country" value="AR"/>
    <property name="sun.java.launcher" value="SUN_STANDARD"/>
    <property name="sun.os.patch.level" value="unknown"/>
    <property name="java.vm.specification.name" value="Java Virtual Machine Specification"/>
    <property name="user.dir" value="/home/taslehoof/IdeaProjects/jslRepo"/>
    <property name="java.runtime.version" value="1.8.0_292-8u292-b10-0ubuntu1~20.04-b10"/>
    <property name="java.awt.graphicsenv" value="sun.awt.X11GraphicsEnvironment"/>
    <property name="java.endorsed.dirs" value="/usr/lib/jvm/java-8-openjdk-amd64/jre/lib/endorsed"/>
    <property name="os.arch" value="amd64"/>
    <property name="java.io.tmpdir" value="/tmp"/>
    <property name="line.separator" value="&#10;"/>
    <property name="java.vm.specification.vendor" value="Oracle Corporation"/>
    <property name="os.name" value="Linux"/>
    <property name="classworlds.conf" value="/opt/maven/bin/m2.conf"/>
    <property name="sun.jnu.encoding" value="UTF-8"/>
    <property name="java.library.path" value="/usr/java/packages/lib/amd64:/usr/lib/x86_64-linux-gnu/jni:/lib/x86_64-linux-gnu:/usr/lib/x86_64-linux-gnu:/usr/lib/jni:/lib:/usr/lib"/>
    <property name="maven.conf" value="/opt/maven/conf"/>
    <property name="java.specification.name" value="Java Platform API Specification"/>
    <property name="java.class.version" value="52.0"/>
    <property name="sun.management.compiler" value="HotSpot 64-Bit Tiered Compilers"/>
    <property name="os.version" value="5.4.0-74-generic"/>
    <property name="library.jansi.path" value="/opt/maven/lib/jansi-native"/>
    <property name="user.home" value="/home/taslehoof"/>
    <property name="user.timezone" value="America/Argentina/Buenos_Aires"/>
    <property name="java.awt.printerjob" value="sun.print.PSPrinterJob"/>
    <property name="java.specification.version" value="1.8"/>
    <property name="file.encoding" value="UTF-8"/>
    <property name="user.name" value="taslehoof"/>
    <property name="java.class.path" value="/opt/maven/boot/plexus-classworlds-2.6.0.jar"/>
    <property name="java.vm.specification.version" value="1.8"/>
    <property name="sun.arch.data.model" value="64"/>
    <property name="java.home" value="/usr/lib/jvm/java-8-openjdk-amd64/jre"/>
    <property name="sun.java.command" value="org.codehaus.plexus.classworlds.launcher.Launcher clean install"/>
    <property name="java.specification.vendor" value="Oracle Corporation"/>
    <property name="user.language" value="es"/>
    <property name="awt.toolkit" value="sun.awt.X11.XToolkit"/>
    <property name="java.vm.info" value="mixed mode"/>
    <property name="java.version" value="1.8.0_292"/>
    <property name="java.ext.dirs" value="/usr/lib/jvm/java-8-openjdk-amd64/jre/lib/ext:/usr/java/packages/lib/ext"/>
    <property name="securerandom.source" value="file:/dev/./urandom"/>
    <property name="sun.boot.class.path" value="/usr/lib/jvm/java-8-openjdk-amd64/jre/lib/resources.jar:/usr/lib/jvm/java-8-openjdk-amd64/jre/lib/rt.jar:/usr/lib/jvm/java-8-openjdk-amd64/jre/lib/sunrsasign.jar:/usr/lib/jvm/java-8-openjdk-amd64/jre/lib/jsse.jar:/usr/lib/jvm/java-8-openjdk-amd64/jre/lib/jce.jar:/usr/lib/jvm/java-8-openjdk-amd64/jre/lib/charsets.jar:/usr/lib/jvm/java-8-openjdk-amd64/jre/lib/jfr.jar:/usr/lib/jvm/java-8-openjdk-amd64/jre/classes"/>
    <property name="java.vendor" value="Private Build"/>
    <property name="maven.home" value="/opt/maven"/>
    <property name="file.separator" value="/"/>
    <property name="java.vendor.url.bug" value="http://bugreport.sun.com/bugreport/"/>
    <property name="sun.cpu.endian" value="little"/>
    <property name="sun.io.unicode.encoding" value="UnicodeLittle"/>
    <property name="sun.desktop" value="gnome"/>
    <property name="sun.cpu.isalist" value=""/>
  </properties>
  <testcase name="_2_verify" classname="domainapp.application.integtests.mml.MetaModelService_IntegTest" time="0">
    <skipped/>
    <system-out><![CDATA[17:30:08,367  [HeadlessWithBootstrappingAbstract main       INFO ]  isis.integTest.module = 
17:30:08,682  [Reflections          main       INFO ]  Reflections took 227 ms to scan 8 urls, producing 340 keys and 1557 values 
315   [Reflections               main       INFO ]  Reflections took 227 ms to scan 8 urls, producing 340 keys and 1557 values 
17:30:08,804  [ServicesInstallerFromConfigurationAndAnnotation main       INFO ]  installing org.apache.isis.core.runtime.services.ServicesInstallerFromConfigurationAndAnnotation
437   [onfigurationAndAnnotation main       INFO ]  installing org.apache.isis.core.runtime.services.ServicesInstallerFromConfigurationAndAnnotation
17:30:08,954  [IsisSessionFactoryBuilder main       INFO ]  initialising Isis System
587   [IsisSessionFactoryBuilder main       INFO ]  initialising Isis System
17:30:08,954  [IsisSessionFactoryBuilder main       INFO ]  working directory: /home/taslehoof/IdeaProjects/jslRepo/application/.
587   [IsisSessionFactoryBuilder main       INFO ]  working directory: /home/taslehoof/IdeaProjects/jslRepo/application/.
17:30:08,954  [IsisSessionFactoryBuilder main       INFO ]  resource stream source: null
587   [IsisSessionFactoryBuilder main       INFO ]  resource stream source: null
17:30:09,181  [SpecificationLoader  Thread-2   INFO ]  Loading all specs (up to state of NOT_INTROSPECTED)
814   [SpecificationLoader       Thread-2   INFO ]  Loading all specs (up to state of NOT_INTROSPECTED)
17:30:09,185  [PersistenceSessionFactory Thread-3   INFO ]  did *not* find config properties to use JNDI datasource; will use JDBC
818   [PersistenceSessionFactory Thread-3   INFO ]  did *not* find config properties to use JNDI datasource; will use JDBC
17:30:09,269  [SpecificationLoader  Thread-2   INFO ]  Introspecting all specs up to TYPE_INTROSPECTED
902   [SpecificationLoader       Thread-2   INFO ]  Introspecting all specs up to TYPE_INTROSPECTED
17:30:09,670  [ThreadPoolSupport    Thread-2   INFO ]  join'ing 143 tasks: waited 0 milliseconds 
1303  [ThreadPoolSupport         Thread-2   INFO ]  join'ing 143 tasks: waited 0 milliseconds 
17:30:09,670  [SpecificationLoader  Thread-2   INFO ]  Introspecting domainService specs up to TYPE_AND_MEMBERS_INTROSPECTED
1303  [SpecificationLoader       Thread-2   INFO ]  Introspecting domainService specs up to TYPE_AND_MEMBERS_INTROSPECTED
17:30:09,854  [ThreadPoolSupport    Thread-2   INFO ]  join'ing 91 tasks: waited 0 milliseconds 
1487  [ThreadPoolSupport         Thread-2   INFO ]  join'ing 91 tasks: waited 0 milliseconds 
17:30:09,855  [SpecificationLoader  Thread-2   INFO ]  Introspecting mixin specs up to TYPE_AND_MEMBERS_INTROSPECTED
1488  [SpecificationLoader       Thread-2   INFO ]  Introspecting mixin specs up to TYPE_AND_MEMBERS_INTROSPECTED
17:30:09,868  [ThreadPoolSupport    Thread-2   INFO ]  join'ing 11 tasks: waited 0 milliseconds 
1501  [ThreadPoolSupport         Thread-2   INFO ]  join'ing 11 tasks: waited 0 milliseconds 
17:30:09,869  [SpecificationLoader  Thread-2   INFO ]  Introspecting all cached specs up to TYPE_AND_MEMBERS_INTROSPECTED
1502  [SpecificationLoader       Thread-2   INFO ]  Introspecting all cached specs up to TYPE_AND_MEMBERS_INTROSPECTED
17:30:09,953  [ThreadPoolSupport    Thread-2   INFO ]  join'ing 173 tasks: waited 0 milliseconds 
1586  [ThreadPoolSupport         Thread-2   INFO ]  join'ing 173 tasks: waited 0 milliseconds 
17:30:09,953  [SpecificationLoader  Thread-2   INFO ]  init() - done
1586  [SpecificationLoader       Thread-2   INFO ]  init() - done
17:30:10,344  [Schema               Thread-3   DEBUG]  La columna ""DELETEME1622925010338"."UNUSED"" añadió a la representación de la table.
17:30:10,349  [Schema               Thread-3   DEBUG]  Crear la tabla "DELETEME1622925010338"
17:30:10,352  [Schema               Thread-3   DEBUG]  CREATE TABLE "DELETEME1622925010338"
(
    "UNUSED" INTEGER NOT NULL
)
17:30:10,353  [Schema               Thread-3   DEBUG]  Tiempo de cumplir = 1 ms
17:30:10,370  [Schema               Thread-3   DEBUG]  Borrar la tabla "DELETEME1622925010338"
17:30:10,370  [Schema               Thread-3   DEBUG]  DROP TABLE "DELETEME1622925010338"
17:30:10,371  [Schema               Thread-3   DEBUG]  Tiempo de cumplir = 1 ms
17:30:10,651  [Schema               Thread-3   DEBUG]  La columna ""DELETEME1622925010651"."UNUSED"" añadió a la representación de la table.
17:30:10,651  [Schema               Thread-3   DEBUG]  Crear la tabla "DELETEME1622925010651"
17:30:10,652  [Schema               Thread-3   DEBUG]  CREATE TABLE "DELETEME1622925010651"
(
    "UNUSED" INTEGER NOT NULL
)
17:30:10,652  [Schema               Thread-3   DEBUG]  Tiempo de cumplir = 0 ms
17:30:10,655  [Schema               Thread-3   DEBUG]  Borrar la tabla "DELETEME1622925010651"
17:30:10,656  [Schema               Thread-3   DEBUG]  DROP TABLE "DELETEME1622925010651"
17:30:10,656  [Schema               Thread-3   DEBUG]  Tiempo de cumplir = 0 ms
17:30:10,737  [Schema               Thread-3   DEBUG]  La columna ""simple"."SimpleObject"."id"" añadió a la representación de la table.
17:30:10,737  [Schema               Thread-3   DEBUG]  Campo [DATASTORE_ID] -> Columnas ["simple"."SimpleObject"."id"] usando mapping del tipo "org.datanucleus.store.rdbms.mapping.java.DatastoreIdMapping" (org.datanucleus.store.rdbms.mapping.datastore.BigIntRDBMSMapping)
17:30:10,740  [Schema               Thread-3   DEBUG]  La columna ""simple"."Operador"."id"" añadió a la representación de la table.
17:30:10,740  [Schema               Thread-3   DEBUG]  Campo [DATASTORE_ID] -> Columnas ["simple"."Operador"."id"] usando mapping del tipo "org.datanucleus.store.rdbms.mapping.java.DatastoreIdMapping" (org.datanucleus.store.rdbms.mapping.datastore.BigIntRDBMSMapping)
17:30:10,740  [Schema               Thread-3   DEBUG]  La columna ""simple"."Reclamo"."id"" añadió a la representación de la table.
17:30:10,740  [Schema               Thread-3   DEBUG]  Campo [DATASTORE_ID] -> Columnas ["simple"."Reclamo"."id"] usando mapping del tipo "org.datanucleus.store.rdbms.mapping.java.DatastoreIdMapping" (org.datanucleus.store.rdbms.mapping.datastore.BigIntRDBMSMapping)
17:30:10,740  [Schema               Thread-3   DEBUG]  La columna ""simple"."Tecnico"."id"" añadió a la representación de la table.
17:30:10,741  [Schema               Thread-3   DEBUG]  Campo [DATASTORE_ID] -> Columnas ["simple"."Tecnico"."id"] usando mapping del tipo "org.datanucleus.store.rdbms.mapping.java.DatastoreIdMapping" (org.datanucleus.store.rdbms.mapping.datastore.BigIntRDBMSMapping)
17:30:10,741  [Schema               Thread-3   DEBUG]  La tabla "simple"."Reclamo" va a manejar la persistencia de los campos de la clase domainapp.modules.simple.dom.reclamos.Reclamo (estrategia de heredar="new-table")
17:30:10,742  [Schema               Thread-3   DEBUG]  La columna ""simple"."Reclamo"."apellido"" añadió a la representación de la table.
17:30:10,744  [Schema               Thread-3   DEBUG]  Campo [domainapp.modules.simple.dom.reclamos.Reclamo.apellido] -> Columnas ["simple"."Reclamo"."apellido"] usando mapping del tipo "org.datanucleus.store.rdbms.mapping.java.StringMapping" (org.datanucleus.store.rdbms.mapping.datastore.VarCharRDBMSMapping)
17:30:10,744  [Schema               Thread-3   DEBUG]  La columna ""simple"."Reclamo"."direccion"" añadió a la representación de la table.
17:30:10,745  [Schema               Thread-3   DEBUG]  Campo [domainapp.modules.simple.dom.reclamos.Reclamo.direccion] -> Columnas ["simple"."Reclamo"."direccion"] usando mapping del tipo "org.datanucleus.store.rdbms.mapping.java.StringMapping" (org.datanucleus.store.rdbms.mapping.datastore.VarCharRDBMSMapping)
17:30:10,745  [Schema               Thread-3   DEBUG]  La columna ""simple"."Reclamo"."nombre"" añadió a la representación de la table.
17:30:10,745  [Schema               Thread-3   DEBUG]  Campo [domainapp.modules.simple.dom.reclamos.Reclamo.nombre] -> Columnas ["simple"."Reclamo"."nombre"] usando mapping del tipo "org.datanucleus.store.rdbms.mapping.java.StringMapping" (org.datanucleus.store.rdbms.mapping.datastore.VarCharRDBMSMapping)
17:30:10,745  [Schema               Thread-3   DEBUG]  La columna ""simple"."Reclamo"."telefono"" añadió a la representación de la table.
17:30:10,745  [Schema               Thread-3   DEBUG]  Campo [domainapp.modules.simple.dom.reclamos.Reclamo.telefono] -> Columnas ["simple"."Reclamo"."telefono"] usando mapping del tipo "org.datanucleus.store.rdbms.mapping.java.StringMapping" (org.datanucleus.store.rdbms.mapping.datastore.VarCharRDBMSMapping)
17:30:10,746  [Schema               Thread-3   DEBUG]  La columna ""simple"."Reclamo"."version"" añadió a la representación de la table.
17:30:10,747  [Schema               Thread-3   DEBUG]  Campo [VERSION] -> Columnas ["simple"."Reclamo"."version"] usando mapping del tipo "org.datanucleus.store.rdbms.mapping.java.VersionTimestampMapping" (org.datanucleus.store.rdbms.mapping.datastore.TimestampRDBMSMapping)
17:30:10,747  [Schema               Thread-3   DEBUG]  Table/View "simple"."Reclamo" ha sido inicializado
17:30:10,747  [Schema               Thread-3   DEBUG]  La tabla "simple"."SimpleObject" va a manejar la persistencia de los campos de la clase domainapp.modules.simple.dom.impl.SimpleObject (estrategia de heredar="new-table")
17:30:10,747  [Schema               Thread-3   DEBUG]  La columna ""simple"."SimpleObject"."name"" añadió a la representación de la table.
17:30:10,747  [Schema               Thread-3   DEBUG]  Campo [domainapp.modules.simple.dom.impl.SimpleObject.name] -> Columnas ["simple"."SimpleObject"."name"] usando mapping del tipo "org.datanucleus.store.rdbms.mapping.java.StringMapping" (org.datanucleus.store.rdbms.mapping.datastore.VarCharRDBMSMapping)
17:30:10,747  [Schema               Thread-3   DEBUG]  La columna ""simple"."SimpleObject"."notes"" añadió a la representación de la table.
17:30:10,747  [Schema               Thread-3   DEBUG]  Campo [domainapp.modules.simple.dom.impl.SimpleObject.notes] -> Columnas ["simple"."SimpleObject"."notes"] usando mapping del tipo "org.datanucleus.store.rdbms.mapping.java.StringMapping" (org.datanucleus.store.rdbms.mapping.datastore.VarCharRDBMSMapping)
17:30:10,748  [Schema               Thread-3   DEBUG]  La columna ""simple"."SimpleObject"."version"" añadió a la representación de la table.
17:30:10,748  [Schema               Thread-3   DEBUG]  Campo [VERSION] -> Columnas ["simple"."SimpleObject"."version"] usando mapping del tipo "org.datanucleus.store.rdbms.mapping.java.VersionTimestampMapping" (org.datanucleus.store.rdbms.mapping.datastore.TimestampRDBMSMapping)
17:30:10,748  [Schema               Thread-3   DEBUG]  Table/View "simple"."SimpleObject" ha sido inicializado
17:30:10,748  [Schema               Thread-3   DEBUG]  La tabla "simple"."Operador" va a manejar la persistencia de los campos de la clase domainapp.modules.simple.dom.operador.Operador (estrategia de heredar="new-table")
17:30:10,748  [Schema               Thread-3   DEBUG]  La columna ""simple"."Operador"."activo"" añadió a la representación de la table.
17:30:10,749  [Schema               Thread-3   DEBUG]  Campo [domainapp.modules.simple.dom.operador.Operador.activo] -> Columnas ["simple"."Operador"."activo"] usando mapping del tipo "org.datanucleus.store.rdbms.mapping.java.BooleanMapping" (org.datanucleus.store.rdbms.mapping.datastore.BooleanRDBMSMapping)
17:30:10,749  [Schema               Thread-3   DEBUG]  La columna ""simple"."Operador"."apellido"" añadió a la representación de la table.
17:30:10,749  [Schema               Thread-3   DEBUG]  Campo [domainapp.modules.simple.dom.operador.Operador.apellido] -> Columnas ["simple"."Operador"."apellido"] usando mapping del tipo "org.datanucleus.store.rdbms.mapping.java.StringMapping" (org.datanucleus.store.rdbms.mapping.datastore.VarCharRDBMSMapping)
17:30:10,750  [Schema               Thread-3   DEBUG]  La columna ""simple"."Operador"."contrasef1a"" añadió a la representación de la table.
17:30:10,750  [Schema               Thread-3   DEBUG]  Campo [domainapp.modules.simple.dom.operador.Operador.contraseña] -> Columnas ["simple"."Operador"."contrasef1a"] usando mapping del tipo "org.datanucleus.store.rdbms.mapping.java.StringMapping" (org.datanucleus.store.rdbms.mapping.datastore.VarCharRDBMSMapping)
17:30:10,750  [Schema               Thread-3   DEBUG]  La columna ""simple"."Operador"."nombre"" añadió a la representación de la table.
17:30:10,750  [Schema               Thread-3   DEBUG]  Campo [domainapp.modules.simple.dom.operador.Operador.nombre] -> Columnas ["simple"."Operador"."nombre"] usando mapping del tipo "org.datanucleus.store.rdbms.mapping.java.StringMapping" (org.datanucleus.store.rdbms.mapping.datastore.VarCharRDBMSMapping)
17:30:10,750  [Schema               Thread-3   DEBUG]  La columna ""simple"."Operador"."usuario"" añadió a la representación de la table.
17:30:10,751  [Schema               Thread-3   DEBUG]  Campo [domainapp.modules.simple.dom.operador.Operador.usuario] -> Columnas ["simple"."Operador"."usuario"] usando mapping del tipo "org.datanucleus.store.rdbms.mapping.java.StringMapping" (org.datanucleus.store.rdbms.mapping.datastore.VarCharRDBMSMapping)
17:30:10,751  [Schema               Thread-3   DEBUG]  La columna ""simple"."Operador"."version"" añadió a la representación de la table.
17:30:10,751  [Schema               Thread-3   DEBUG]  Campo [VERSION] -> Columnas ["simple"."Operador"."version"] usando mapping del tipo "org.datanucleus.store.rdbms.mapping.java.VersionTimestampMapping" (org.datanucleus.store.rdbms.mapping.datastore.TimestampRDBMSMapping)
17:30:10,751  [Schema               Thread-3   DEBUG]  Table/View "simple"."Operador" ha sido inicializado
17:30:10,751  [Schema               Thread-3   DEBUG]  La tabla "simple"."Tecnico" va a manejar la persistencia de los campos de la clase domainapp.modules.simple.dom.tecnico.Tecnico (estrategia de heredar="new-table")
17:30:10,751  [Schema               Thread-3   DEBUG]  La columna ""simple"."Tecnico"."apellido"" añadió a la representación de la table.
17:30:10,752  [Schema               Thread-3   DEBUG]  Campo [domainapp.modules.simple.dom.tecnico.Tecnico.apellido] -> Columnas ["simple"."Tecnico"."apellido"] usando mapping del tipo "org.datanucleus.store.rdbms.mapping.java.StringMapping" (org.datanucleus.store.rdbms.mapping.datastore.VarCharRDBMSMapping)
17:30:10,752  [Schema               Thread-3   DEBUG]  La columna ""simple"."Tecnico"."dni"" añadió a la representación de la table.
17:30:10,752  [Schema               Thread-3   DEBUG]  Campo [domainapp.modules.simple.dom.tecnico.Tecnico.dni] -> Columnas ["simple"."Tecnico"."dni"] usando mapping del tipo "org.datanucleus.store.rdbms.mapping.java.StringMapping" (org.datanucleus.store.rdbms.mapping.datastore.VarCharRDBMSMapping)
17:30:10,752  [Schema               Thread-3   DEBUG]  La columna ""simple"."Tecnico"."nombre"" añadió a la representación de la table.
17:30:10,752  [Schema               Thread-3   DEBUG]  Campo [domainapp.modules.simple.dom.tecnico.Tecnico.nombre] -> Columnas ["simple"."Tecnico"."nombre"] usando mapping del tipo "org.datanucleus.store.rdbms.mapping.java.StringMapping" (org.datanucleus.store.rdbms.mapping.datastore.VarCharRDBMSMapping)
17:30:10,752  [Schema               Thread-3   DEBUG]  La columna ""simple"."Tecnico"."version"" añadió a la representación de la table.
17:30:10,753  [Schema               Thread-3   DEBUG]  Campo [VERSION] -> Columnas ["simple"."Tecnico"."version"] usando mapping del tipo "org.datanucleus.store.rdbms.mapping.java.VersionTimestampMapping" (org.datanucleus.store.rdbms.mapping.datastore.TimestampRDBMSMapping)
17:30:10,753  [Schema               Thread-3   DEBUG]  Table/View "simple"."Tecnico" ha sido inicializado
17:30:10,754  [Schema               Thread-3   DEBUG]  Empezando transaccion del esquema con conneccion "org.datanucleus.store.rdbms.datasource.dbcp.PoolingDataSource$PoolGuardConnectionWrapper@506cabf6" y isolacion "serializable"
17:30:10,759  [Schema               Thread-3   DEBUG]  Check of existence of "simple"."Reclamo" returned no table
17:30:10,759  [Schema               Thread-3   DEBUG]  Crear la tabla "simple"."Reclamo"
17:30:10,760  [Schema               Thread-3   DEBUG]  CREATE TABLE "simple"."Reclamo"
(
    "id" BIGINT GENERATED BY DEFAULT AS IDENTITY,
    "apellido" VARCHAR(40) NOT NULL,
    "direccion" VARCHAR(40) NOT NULL,
    "nombre" VARCHAR(40) NOT NULL,
    "telefono" VARCHAR(40) NOT NULL,
    "version" TIMESTAMP NOT NULL,
    CONSTRAINT "Reclamo_PK" PRIMARY KEY ("id")
)
17:30:10,762  [Schema               Thread-3   DEBUG]  Tiempo de cumplir = 2 ms
17:30:10,766  [Schema               Thread-3   DEBUG]  Check of existence of "simple"."SimpleObject" returned no table
17:30:10,767  [Schema               Thread-3   DEBUG]  Crear la tabla "simple"."SimpleObject"
17:30:10,767  [Schema               Thread-3   DEBUG]  CREATE TABLE "simple"."SimpleObject"
(
    "id" BIGINT GENERATED BY DEFAULT AS IDENTITY,
    "name" VARCHAR(40) NOT NULL,
    "notes" VARCHAR(4000) NULL,
    "version" TIMESTAMP NOT NULL,
    CONSTRAINT "SimpleObject_PK" PRIMARY KEY ("id")
)
17:30:10,768  [Schema               Thread-3   DEBUG]  Tiempo de cumplir = 1 ms
17:30:10,772  [Schema               Thread-3   DEBUG]  Check of existence of "simple"."Operador" returned no table
17:30:10,772  [Schema               Thread-3   DEBUG]  Crear la tabla "simple"."Operador"
17:30:10,772  [Schema               Thread-3   DEBUG]  CREATE TABLE "simple"."Operador"
(
    "id" BIGINT GENERATED BY DEFAULT AS IDENTITY,
    "activo" BOOLEAN NULL,
    "apellido" VARCHAR(40) NULL,
    "contrasef1a" VARCHAR(40) NOT NULL,
    "nombre" VARCHAR(40) NULL,
    "usuario" VARCHAR(40) NOT NULL,
    "version" TIMESTAMP NOT NULL,
    CONSTRAINT "Operador_PK" PRIMARY KEY ("id")
)
17:30:10,774  [Schema               Thread-3   DEBUG]  Tiempo de cumplir = 2 ms
17:30:10,778  [Schema               Thread-3   DEBUG]  Check of existence of "simple"."Tecnico" returned no table
17:30:10,778  [Schema               Thread-3   DEBUG]  Crear la tabla "simple"."Tecnico"
17:30:10,779  [Schema               Thread-3   DEBUG]  CREATE TABLE "simple"."Tecnico"
(
    "id" BIGINT GENERATED BY DEFAULT AS IDENTITY,
    "apellido" VARCHAR(40) NOT NULL,
    "dni" VARCHAR(40) NOT NULL,
    "nombre" VARCHAR(40) NOT NULL,
    "version" TIMESTAMP NOT NULL,
    CONSTRAINT "Tecnico_PK" PRIMARY KEY ("id")
)
17:30:10,780  [Schema               Thread-3   DEBUG]  Tiempo de cumplir = 1 ms
17:30:10,784  [Schema               Thread-3   DEBUG]  Crear la llave unica "Reclamo_nombre_UNQ" en catalogo "" equema ""simple""
17:30:10,785  [Schema               Thread-3   DEBUG]  ALTER TABLE "simple"."Reclamo" ADD CONSTRAINT "Reclamo_nombre_UNQ" UNIQUE ("nombre")
17:30:10,787  [Schema               Thread-3   DEBUG]  Tiempo de cumplir = 2 ms
17:30:10,787  [Schema               Thread-3   DEBUG]  Crear la llave unica "SimpleObject_name_UNQ" en catalogo "" equema ""simple""
17:30:10,787  [Schema               Thread-3   DEBUG]  ALTER TABLE "simple"."SimpleObject" ADD CONSTRAINT "SimpleObject_name_UNQ" UNIQUE ("name")
17:30:10,788  [Schema               Thread-3   DEBUG]  Tiempo de cumplir = 1 ms
17:30:10,789  [Schema               Thread-3   DEBUG]  Crear la llave unica "Operador_usuario_UNQ" en catalogo "" equema ""simple""
17:30:10,789  [Schema               Thread-3   DEBUG]  ALTER TABLE "simple"."Operador" ADD CONSTRAINT "Operador_usuario_UNQ" UNIQUE ("usuario")
17:30:10,790  [Schema               Thread-3   DEBUG]  Tiempo de cumplir = 1 ms
17:30:10,790  [Schema               Thread-3   DEBUG]  Crear la llave unica "Tecnico_nombre_UNQ" en catalogo "" equema ""simple""
17:30:10,790  [Schema               Thread-3   DEBUG]  ALTER TABLE "simple"."Tecnico" ADD CONSTRAINT "Tecnico_nombre_UNQ" UNIQUE ("nombre")
17:30:10,791  [Schema               Thread-3   DEBUG]  Tiempo de cumplir = 1 ms
17:30:10,792  [Schema               Thread-3   DEBUG]  Committing transaccion del esquema "org.datanucleus.store.rdbms.datasource.dbcp.PoolingDataSource$PoolGuardConnectionWrapper@506cabf6"
17:30:10,792  [Schema               Thread-3   DEBUG]  Cerrando la conneccion de la transaccion del esquema "org.datanucleus.store.rdbms.datasource.dbcp.PoolingDataSource$PoolGuardConnectionWrapper@506cabf6"
17:30:10,792  [ThreadPoolSupport    main       INFO ]  join'ing 5 tasks: waited 0 milliseconds 
2425  [ThreadPoolSupport         main       INFO ]  join'ing 5 tasks: waited 0 milliseconds 
17:30:10,890  [ServiceInitializer   main       INFO ]  calling @PostConstruct on all domain services
2523  [ServiceInitializer        main       INFO ]  calling @PostConstruct on all domain services
17:30:11,022  [EmailServiceDefault  main       WARN ]  NOT configured
2655  [EmailServiceDefault       main       WARN ]  NOT configured
17:30:11,187  [IsisSystemBootstrapper main       INFO ]  ##########################################################################
2820  [IsisSystemBootstrapper    main       INFO ]  ##########################################################################
17:30:11,188  [IsisSystemBootstrapper main       INFO ]  # Bootstrapped in 2801 millis
2821  [IsisSystemBootstrapper    main       INFO ]  # Bootstrapped in 2801 millis
17:30:11,188  [IsisSystemBootstrapper main       INFO ]  ##########################################################################
2821  [IsisSystemBootstrapper    main       INFO ]  ##########################################################################
                                                            : EXEC org.apache.isis.applib.AppManifestAbstract2$1
17:30:11,213  [HeadlessWithBootstrappingAbstract main       INFO ]  ### TEST: domainapp.application.integtests.mml.MetaModelService_IntegTest
2846  [WithBootstrappingAbstract main       INFO ]  ### TEST: domainapp.application.integtests.mml.MetaModelService_IntegTest
                                                            : EXEC org.apache.isis.applib.AppManifestAbstract2$2
/                                                           : EXEC domainapp.modules.simple.SimpleModule$1
]]></system-out>
  </testcase>
  <testcase name="_1_learn" classname="domainapp.application.integtests.mml.MetaModelService_IntegTest" time="0">
    <skipped/>
    <system-out><![CDATA[17:30:11,252  [HeadlessWithBootstrappingAbstract main       INFO ]  isis.integTest.module = 
2885  [WithBootstrappingAbstract main       INFO ]  isis.integTest.module = 
                                                            : EXEC org.apache.isis.applib.AppManifestAbstract2$1
17:30:11,255  [HeadlessWithBootstrappingAbstract main       INFO ]  ### TEST: domainapp.application.integtests.mml.MetaModelService_IntegTest
2888  [WithBootstrappingAbstract main       INFO ]  ### TEST: domainapp.application.integtests.mml.MetaModelService_IntegTest
                                                            : EXEC org.apache.isis.applib.AppManifestAbstract2$2
/                                                           : EXEC domainapp.modules.simple.SimpleModule$1
]]></system-out>
  </testcase>
</testsuite>