<?xml version="1.0" encoding="UTF-8"?>
<testsuite xmlns:xsi="http://www.w3.org/2001/XMLSchema-instance" xsi:schemaLocation="https://maven.apache.org/surefire/maven-surefire-plugin/xsd/surefire-test-report.xsd" name="domainapp.application.integtests.mml.MetaModelService_IntegTest" time="2.077" tests="2" errors="0" skipped="2" failures="0">
  <properties>
    <property name="java.runtime.name" value="Java(TM) SE Runtime Environment"/>
    <property name="sun.boot.library.path" value="C:\Program Files\Java\jdk1.8.0_241\jre\bin"/>
    <property name="java.vm.version" value="25.241-b07"/>
    <property name="java.vm.vendor" value="Oracle Corporation"/>
    <property name="maven.multiModuleProjectDirectory" value="C:\Users\lauti\OneDrive\Escritorio\proyectofinal\jslRepo"/>
    <property name="java.vendor.url" value="http://java.oracle.com/"/>
    <property name="path.separator" value=";"/>
    <property name="guice.disable.misplaced.annotation.check" value="true"/>
    <property name="java.vm.name" value="Java HotSpot(TM) 64-Bit Server VM"/>
    <property name="file.encoding.pkg" value="sun.io"/>
    <property name="user.script" value=""/>
    <property name="user.country" value="AR"/>
    <property name="sun.java.launcher" value="SUN_STANDARD"/>
    <property name="sun.os.patch.level" value=""/>
    <property name="java.vm.specification.name" value="Java Virtual Machine Specification"/>
    <property name="user.dir" value="C:\Users\lauti\OneDrive\Escritorio\proyectofinal\jslRepo"/>
    <property name="java.runtime.version" value="1.8.0_241-b07"/>
    <property name="java.awt.graphicsenv" value="sun.awt.Win32GraphicsEnvironment"/>
    <property name="java.endorsed.dirs" value="C:\Program Files\Java\jdk1.8.0_241\jre\lib\endorsed"/>
    <property name="os.arch" value="amd64"/>
    <property name="java.io.tmpdir" value="C:\Users\lauti\AppData\Local\Temp\"/>
    <property name="line.separator" value="&#10;"/>
    <property name="java.vm.specification.vendor" value="Oracle Corporation"/>
    <property name="user.variant" value=""/>
    <property name="os.name" value="Windows 10"/>
    <property name="classworlds.conf" value="C:\Users\lauti\OneDrive\Escritorio\apache-maven-3.6.3\bin\..\bin\m2.conf"/>
    <property name="sun.jnu.encoding" value="Cp1252"/>
    <property name="java.library.path" value="C:\Program Files\Java\jdk1.8.0_241\bin;C:\Windows\Sun\Java\bin;C:\Windows\system32;C:\Windows;C:\Python39\Scripts\;C:\Python39\;C:\Windows\system32;C:\Windows;C:\Windows\System32\Wbem;C:\Windows\System32\WindowsPowerShell\v1.0\;C:\Windows\System32\OpenSSH\;C:\Users\lauti\OneDrive\Escritorio\apache-maven-3.6.3\bin;C:\Program Files\Java\jdk1.8.0_241\bin;C:\Program Files\nodejs\;C:\ProgramData\chocolatey\bin;C:\Program Files\Git\cmd;C:\Program Files\MySQL\MySQL Shell 8.0\bin\;C:\Users\lauti\AppData\Local\Microsoft\WindowsApps;C:\Users\lauti\AppData\Local\Programs\Microsoft VS Code\bin;C:\Users\lauti\AppData\Roaming\npm;C:\Users\lauti\AppData\Local\GitHubDesktop\bin;."/>
    <property name="maven.conf" value="C:\Users\lauti\OneDrive\Escritorio\apache-maven-3.6.3\bin\../conf"/>
    <property name="java.specification.name" value="Java Platform API Specification"/>
    <property name="java.class.version" value="52.0"/>
    <property name="sun.management.compiler" value="HotSpot 64-Bit Tiered Compilers"/>
    <property name="os.version" value="10.0"/>
    <property name="library.jansi.path" value="C:\Users\lauti\OneDrive\Escritorio\apache-maven-3.6.3\bin\..\lib\jansi-native"/>
    <property name="user.home" value="C:\Users\lauti"/>
    <property name="user.timezone" value="America/Buenos_Aires"/>
    <property name="java.awt.printerjob" value="sun.awt.windows.WPrinterJob"/>
    <property name="java.specification.version" value="1.8"/>
    <property name="file.encoding" value="Cp1252"/>
    <property name="user.name" value="lauti"/>
    <property name="java.class.path" value="C:\Users\lauti\OneDrive\Escritorio\apache-maven-3.6.3\bin\..\boot\plexus-classworlds-2.6.0.jar"/>
    <property name="java.vm.specification.version" value="1.8"/>
    <property name="sun.arch.data.model" value="64"/>
    <property name="java.home" value="C:\Program Files\Java\jdk1.8.0_241\jre"/>
    <property name="sun.java.command" value="org.codehaus.plexus.classworlds.launcher.Launcher clean install"/>
    <property name="java.specification.vendor" value="Oracle Corporation"/>
    <property name="user.language" value="es"/>
    <property name="awt.toolkit" value="sun.awt.windows.WToolkit"/>
    <property name="java.vm.info" value="mixed mode"/>
    <property name="java.version" value="1.8.0_241"/>
    <property name="java.ext.dirs" value="C:\Program Files\Java\jdk1.8.0_241\jre\lib\ext;C:\Windows\Sun\Java\lib\ext"/>
    <property name="sun.boot.class.path" value="C:\Program Files\Java\jdk1.8.0_241\jre\lib\resources.jar;C:\Program Files\Java\jdk1.8.0_241\jre\lib\rt.jar;C:\Program Files\Java\jdk1.8.0_241\jre\lib\sunrsasign.jar;C:\Program Files\Java\jdk1.8.0_241\jre\lib\jsse.jar;C:\Program Files\Java\jdk1.8.0_241\jre\lib\jce.jar;C:\Program Files\Java\jdk1.8.0_241\jre\lib\charsets.jar;C:\Program Files\Java\jdk1.8.0_241\jre\lib\jfr.jar;C:\Program Files\Java\jdk1.8.0_241\jre\classes"/>
    <property name="sun.stderr.encoding" value="cp850"/>
    <property name="java.vendor" value="Oracle Corporation"/>
    <property name="maven.home" value="C:\Users\lauti\OneDrive\Escritorio\apache-maven-3.6.3\bin\.."/>
    <property name="file.separator" value="\"/>
    <property name="java.vendor.url.bug" value="http://bugreport.sun.com/bugreport/"/>
    <property name="sun.cpu.endian" value="little"/>
    <property name="sun.io.unicode.encoding" value="UnicodeLittle"/>
    <property name="sun.stdout.encoding" value="cp850"/>
    <property name="sun.desktop" value="windows"/>
    <property name="sun.cpu.isalist" value="amd64"/>
  </properties>
  <testcase name="_2_verify" classname="domainapp.application.integtests.mml.MetaModelService_IntegTest" time="0">
    <skipped/>
    <system-out><![CDATA[16:15:06,225  [HeadlessWithBootstrappingAbstract main       INFO ]  isis.integTest.module = 
16:15:06,569  [Reflections          main       INFO ]  Reflections took 156 ms to scan 8 urls, producing 338 keys and 1529 values 
344   [Reflections               main       INFO ]  Reflections took 156 ms to scan 8 urls, producing 338 keys and 1529 values 
16:15:06,678  [ServicesInstallerFromConfigurationAndAnnotation main       INFO ]  installing org.apache.isis.core.runtime.services.ServicesInstallerFromConfigurationAndAnnotation
453   [onfigurationAndAnnotation main       INFO ]  installing org.apache.isis.core.runtime.services.ServicesInstallerFromConfigurationAndAnnotation
16:15:06,788  [IsisSessionFactoryBuilder main       INFO ]  initialising Isis System
563   [IsisSessionFactoryBuilder main       INFO ]  initialising Isis System
16:15:06,788  [IsisSessionFactoryBuilder main       INFO ]  working directory: C:\Users\lauti\OneDrive\Escritorio\proyectofinal\jslRepo\application\.
563   [IsisSessionFactoryBuilder main       INFO ]  working directory: C:\Users\lauti\OneDrive\Escritorio\proyectofinal\jslRepo\application\.
16:15:06,788  [IsisSessionFactoryBuilder main       INFO ]  resource stream source: null
563   [IsisSessionFactoryBuilder main       INFO ]  resource stream source: null
16:15:06,991  [SpecificationLoader  Thread-2   INFO ]  Loading all specs (up to state of NOT_INTROSPECTED)
766   [SpecificationLoader       Thread-2   INFO ]  Loading all specs (up to state of NOT_INTROSPECTED)
16:15:06,991  [PersistenceSessionFactory Thread-3   INFO ]  did *not* find config properties to use JNDI datasource; will use JDBC
766   [PersistenceSessionFactory Thread-3   INFO ]  did *not* find config properties to use JNDI datasource; will use JDBC
16:15:07,038  [SpecificationLoader  Thread-2   INFO ]  Introspecting all specs up to TYPE_INTROSPECTED
813   [SpecificationLoader       Thread-2   INFO ]  Introspecting all specs up to TYPE_INTROSPECTED
16:15:07,288  [ThreadPoolSupport    Thread-2   INFO ]  join'ing 137 tasks: waited 0 milliseconds 
1063  [ThreadPoolSupport         Thread-2   INFO ]  join'ing 137 tasks: waited 0 milliseconds 
16:15:07,288  [SpecificationLoader  Thread-2   INFO ]  Introspecting domainService specs up to TYPE_AND_MEMBERS_INTROSPECTED
1063  [SpecificationLoader       Thread-2   INFO ]  Introspecting domainService specs up to TYPE_AND_MEMBERS_INTROSPECTED
16:15:07,381  [ThreadPoolSupport    Thread-2   INFO ]  join'ing 87 tasks: waited 0 milliseconds 
1156  [ThreadPoolSupport         Thread-2   INFO ]  join'ing 87 tasks: waited 0 milliseconds 
16:15:07,381  [SpecificationLoader  Thread-2   INFO ]  Introspecting mixin specs up to TYPE_AND_MEMBERS_INTROSPECTED
1156  [SpecificationLoader       Thread-2   INFO ]  Introspecting mixin specs up to TYPE_AND_MEMBERS_INTROSPECTED
16:15:07,381  [ThreadPoolSupport    Thread-2   INFO ]  join'ing 11 tasks: waited 0 milliseconds 
1156  [ThreadPoolSupport         Thread-2   INFO ]  join'ing 11 tasks: waited 0 milliseconds 
16:15:07,381  [SpecificationLoader  Thread-2   INFO ]  Introspecting all cached specs up to TYPE_AND_MEMBERS_INTROSPECTED
1156  [SpecificationLoader       Thread-2   INFO ]  Introspecting all cached specs up to TYPE_AND_MEMBERS_INTROSPECTED
16:15:07,413  [ThreadPoolSupport    Thread-2   INFO ]  join'ing 167 tasks: waited 0 milliseconds 
1188  [ThreadPoolSupport         Thread-2   INFO ]  join'ing 167 tasks: waited 0 milliseconds 
16:15:07,413  [SpecificationLoader  Thread-2   INFO ]  init() - done
1188  [SpecificationLoader       Thread-2   INFO ]  init() - done
16:15:07,631  [Schema               Thread-3   DEBUG]  La columna ""DELETEME1622056507616"."UNUSED"" añadió a la representación de la table.
16:15:07,631  [Schema               Thread-3   DEBUG]  Crear la tabla "DELETEME1622056507616"
16:15:07,631  [Schema               Thread-3   DEBUG]  CREATE TABLE "DELETEME1622056507616"
(
    "UNUSED" INTEGER NOT NULL
)
16:15:07,631  [Schema               Thread-3   DEBUG]  Tiempo de cumplir = 0 ms
16:15:07,631  [Schema               Thread-3   DEBUG]  Borrar la tabla "DELETEME1622056507616"
16:15:07,631  [Schema               Thread-3   DEBUG]  DROP TABLE "DELETEME1622056507616"
16:15:07,631  [Schema               Thread-3   DEBUG]  Tiempo de cumplir = 0 ms
16:15:07,772  [Schema               Thread-3   DEBUG]  La columna ""DELETEME1622056507772"."UNUSED"" añadió a la representación de la table.
16:15:07,772  [Schema               Thread-3   DEBUG]  Crear la tabla "DELETEME1622056507772"
16:15:07,772  [Schema               Thread-3   DEBUG]  CREATE TABLE "DELETEME1622056507772"
(
    "UNUSED" INTEGER NOT NULL
)
16:15:07,772  [Schema               Thread-3   DEBUG]  Tiempo de cumplir = 0 ms
16:15:07,772  [Schema               Thread-3   DEBUG]  Borrar la tabla "DELETEME1622056507772"
16:15:07,772  [Schema               Thread-3   DEBUG]  DROP TABLE "DELETEME1622056507772"
16:15:07,772  [Schema               Thread-3   DEBUG]  Tiempo de cumplir = 0 ms
16:15:07,819  [Schema               Thread-3   DEBUG]  La columna ""simple"."SimpleObject"."id"" añadió a la representación de la table.
16:15:07,819  [Schema               Thread-3   DEBUG]  Campo [DATASTORE_ID] -> Columnas ["simple"."SimpleObject"."id"] usando mapping del tipo "org.datanucleus.store.rdbms.mapping.java.DatastoreIdMapping" (org.datanucleus.store.rdbms.mapping.datastore.BigIntRDBMSMapping)
16:15:07,819  [Schema               Thread-3   DEBUG]  La columna ""simple"."Reclamo"."id"" añadió a la representación de la table.
16:15:07,819  [Schema               Thread-3   DEBUG]  Campo [DATASTORE_ID] -> Columnas ["simple"."Reclamo"."id"] usando mapping del tipo "org.datanucleus.store.rdbms.mapping.java.DatastoreIdMapping" (org.datanucleus.store.rdbms.mapping.datastore.BigIntRDBMSMapping)
16:15:07,819  [Schema               Thread-3   DEBUG]  La tabla "simple"."Reclamo" va a manejar la persistencia de los campos de la clase domainapp.modules.simple.dom.reclamos.Reclamo (estrategia de heredar="new-table")
16:15:07,819  [Schema               Thread-3   DEBUG]  La columna ""simple"."Reclamo"."apellido"" añadió a la representación de la table.
16:15:07,819  [Schema               Thread-3   DEBUG]  Campo [domainapp.modules.simple.dom.reclamos.Reclamo.apellido] -> Columnas ["simple"."Reclamo"."apellido"] usando mapping del tipo "org.datanucleus.store.rdbms.mapping.java.StringMapping" (org.datanucleus.store.rdbms.mapping.datastore.VarCharRDBMSMapping)
16:15:07,819  [Schema               Thread-3   DEBUG]  La columna ""simple"."Reclamo"."direc"" añadió a la representación de la table.
16:15:07,819  [Schema               Thread-3   DEBUG]  Campo [domainapp.modules.simple.dom.reclamos.Reclamo.direc] -> Columnas ["simple"."Reclamo"."direc"] usando mapping del tipo "org.datanucleus.store.rdbms.mapping.java.StringMapping" (org.datanucleus.store.rdbms.mapping.datastore.VarCharRDBMSMapping)
16:15:07,819  [Schema               Thread-3   DEBUG]  La columna ""simple"."Reclamo"."nombre"" añadió a la representación de la table.
16:15:07,819  [Schema               Thread-3   DEBUG]  Campo [domainapp.modules.simple.dom.reclamos.Reclamo.nombre] -> Columnas ["simple"."Reclamo"."nombre"] usando mapping del tipo "org.datanucleus.store.rdbms.mapping.java.StringMapping" (org.datanucleus.store.rdbms.mapping.datastore.VarCharRDBMSMapping)
16:15:07,819  [Schema               Thread-3   DEBUG]  La columna ""simple"."Reclamo"."notes"" añadió a la representación de la table.
16:15:07,819  [Schema               Thread-3   DEBUG]  Campo [domainapp.modules.simple.dom.reclamos.Reclamo.notes] -> Columnas ["simple"."Reclamo"."notes"] usando mapping del tipo "org.datanucleus.store.rdbms.mapping.java.StringMapping" (org.datanucleus.store.rdbms.mapping.datastore.VarCharRDBMSMapping)
16:15:07,819  [Schema               Thread-3   DEBUG]  La columna ""simple"."Reclamo"."telefono"" añadió a la representación de la table.
16:15:07,819  [Schema               Thread-3   DEBUG]  Campo [domainapp.modules.simple.dom.reclamos.Reclamo.telefono] -> Columnas ["simple"."Reclamo"."telefono"] usando mapping del tipo "org.datanucleus.store.rdbms.mapping.java.StringMapping" (org.datanucleus.store.rdbms.mapping.datastore.VarCharRDBMSMapping)
16:15:07,819  [Schema               Thread-3   DEBUG]  La columna ""simple"."Reclamo"."version"" añadió a la representación de la table.
16:15:07,819  [Schema               Thread-3   DEBUG]  Campo [VERSION] -> Columnas ["simple"."Reclamo"."version"] usando mapping del tipo "org.datanucleus.store.rdbms.mapping.java.VersionTimestampMapping" (org.datanucleus.store.rdbms.mapping.datastore.TimestampRDBMSMapping)
16:15:07,819  [Schema               Thread-3   DEBUG]  Table/View "simple"."Reclamo" ha sido inicializado
16:15:07,819  [Schema               Thread-3   DEBUG]  La tabla "simple"."SimpleObject" va a manejar la persistencia de los campos de la clase domainapp.modules.simple.dom.impl.SimpleObject (estrategia de heredar="new-table")
16:15:07,819  [Schema               Thread-3   DEBUG]  La columna ""simple"."SimpleObject"."name"" añadió a la representación de la table.
16:15:07,819  [Schema               Thread-3   DEBUG]  Campo [domainapp.modules.simple.dom.impl.SimpleObject.name] -> Columnas ["simple"."SimpleObject"."name"] usando mapping del tipo "org.datanucleus.store.rdbms.mapping.java.StringMapping" (org.datanucleus.store.rdbms.mapping.datastore.VarCharRDBMSMapping)
16:15:07,819  [Schema               Thread-3   DEBUG]  La columna ""simple"."SimpleObject"."notes"" añadió a la representación de la table.
16:15:07,819  [Schema               Thread-3   DEBUG]  Campo [domainapp.modules.simple.dom.impl.SimpleObject.notes] -> Columnas ["simple"."SimpleObject"."notes"] usando mapping del tipo "org.datanucleus.store.rdbms.mapping.java.StringMapping" (org.datanucleus.store.rdbms.mapping.datastore.VarCharRDBMSMapping)
16:15:07,819  [Schema               Thread-3   DEBUG]  La columna ""simple"."SimpleObject"."version"" añadió a la representación de la table.
16:15:07,819  [Schema               Thread-3   DEBUG]  Campo [VERSION] -> Columnas ["simple"."SimpleObject"."version"] usando mapping del tipo "org.datanucleus.store.rdbms.mapping.java.VersionTimestampMapping" (org.datanucleus.store.rdbms.mapping.datastore.TimestampRDBMSMapping)
16:15:07,819  [Schema               Thread-3   DEBUG]  Table/View "simple"."SimpleObject" ha sido inicializado
16:15:07,819  [Schema               Thread-3   DEBUG]  Empezando transaccion del esquema con conneccion "org.datanucleus.store.rdbms.datasource.dbcp.PoolingDataSource$PoolGuardConnectionWrapper@7b1fb2e1" y isolacion "serializable"
16:15:07,834  [Schema               Thread-3   DEBUG]  Check of existence of "simple"."Reclamo" returned no table
16:15:07,834  [Schema               Thread-3   DEBUG]  Crear la tabla "simple"."Reclamo"
16:15:07,834  [Schema               Thread-3   DEBUG]  CREATE TABLE "simple"."Reclamo"
(
    "id" BIGINT GENERATED BY DEFAULT AS IDENTITY,
    "apellido" VARCHAR(40) NOT NULL,
    "direc" VARCHAR(40) NOT NULL,
    "nombre" VARCHAR(40) NOT NULL,
    "notes" VARCHAR(4000) NULL,
    "telefono" VARCHAR(40) NOT NULL,
    "version" TIMESTAMP NOT NULL,
    CONSTRAINT "Reclamo_PK" PRIMARY KEY ("id")
)
16:15:07,834  [Schema               Thread-3   DEBUG]  Tiempo de cumplir = 0 ms
16:15:07,834  [Schema               Thread-3   DEBUG]  Check of existence of "simple"."SimpleObject" returned no table
16:15:07,834  [Schema               Thread-3   DEBUG]  Crear la tabla "simple"."SimpleObject"
16:15:07,834  [Schema               Thread-3   DEBUG]  CREATE TABLE "simple"."SimpleObject"
(
    "id" BIGINT GENERATED BY DEFAULT AS IDENTITY,
    "name" VARCHAR(40) NOT NULL,
    "notes" VARCHAR(4000) NULL,
    "version" TIMESTAMP NOT NULL,
    CONSTRAINT "SimpleObject_PK" PRIMARY KEY ("id")
)
16:15:07,834  [Schema               Thread-3   DEBUG]  Tiempo de cumplir = 0 ms
16:15:07,834  [Schema               Thread-3   DEBUG]  Crear la llave unica "Reclamo_nombre_UNQ" en catalogo "" equema ""simple""
16:15:07,834  [Schema               Thread-3   DEBUG]  ALTER TABLE "simple"."Reclamo" ADD CONSTRAINT "Reclamo_nombre_UNQ" UNIQUE ("nombre")
16:15:07,834  [Schema               Thread-3   DEBUG]  Tiempo de cumplir = 0 ms
16:15:07,834  [Schema               Thread-3   DEBUG]  Crear la llave unica "SimpleObject_name_UNQ" en catalogo "" equema ""simple""
16:15:07,834  [Schema               Thread-3   DEBUG]  ALTER TABLE "simple"."SimpleObject" ADD CONSTRAINT "SimpleObject_name_UNQ" UNIQUE ("name")
16:15:07,834  [Schema               Thread-3   DEBUG]  Tiempo de cumplir = 0 ms
16:15:07,834  [Schema               Thread-3   DEBUG]  Committing transaccion del esquema "org.datanucleus.store.rdbms.datasource.dbcp.PoolingDataSource$PoolGuardConnectionWrapper@7b1fb2e1"
16:15:07,834  [Schema               Thread-3   DEBUG]  Cerrando la conneccion de la transaccion del esquema "org.datanucleus.store.rdbms.datasource.dbcp.PoolingDataSource$PoolGuardConnectionWrapper@7b1fb2e1"
16:15:07,834  [ThreadPoolSupport    main       INFO ]  join'ing 5 tasks: waited 0 milliseconds 
1609  [ThreadPoolSupport         main       INFO ]  join'ing 5 tasks: waited 0 milliseconds 
16:15:07,913  [ServiceInitializer   main       INFO ]  calling @PostConstruct on all domain services
1688  [ServiceInitializer        main       INFO ]  calling @PostConstruct on all domain services
16:15:08,006  [EmailServiceDefault  main       WARN ]  NOT configured
1781  [EmailServiceDefault       main       WARN ]  NOT configured
16:15:08,116  [IsisSystemBootstrapper main       INFO ]  ##########################################################################
1891  [IsisSystemBootstrapper    main       INFO ]  ##########################################################################
16:15:08,116  [IsisSystemBootstrapper main       INFO ]  # Bootstrapped in 1875 millis
1891  [IsisSystemBootstrapper    main       INFO ]  # Bootstrapped in 1875 millis
16:15:08,116  [IsisSystemBootstrapper main       INFO ]  ##########################################################################
1891  [IsisSystemBootstrapper    main       INFO ]  ##########################################################################
                                                            : EXEC org.apache.isis.applib.AppManifestAbstract2$1
16:15:08,131  [HeadlessWithBootstrappingAbstract main       INFO ]  ### TEST: domainapp.application.integtests.mml.MetaModelService_IntegTest
1906  [WithBootstrappingAbstract main       INFO ]  ### TEST: domainapp.application.integtests.mml.MetaModelService_IntegTest
                                                            : EXEC org.apache.isis.applib.AppManifestAbstract2$2
/                                                           : EXEC domainapp.modules.simple.SimpleModule$1
]]></system-out>
  </testcase>
  <testcase name="_1_learn" classname="domainapp.application.integtests.mml.MetaModelService_IntegTest" time="0">
    <skipped/>
    <system-out><![CDATA[16:15:08,147  [HeadlessWithBootstrappingAbstract main       INFO ]  isis.integTest.module = 
1922  [WithBootstrappingAbstract main       INFO ]  isis.integTest.module = 
                                                            : EXEC org.apache.isis.applib.AppManifestAbstract2$1
16:15:08,147  [HeadlessWithBootstrappingAbstract main       INFO ]  ### TEST: domainapp.application.integtests.mml.MetaModelService_IntegTest
1922  [WithBootstrappingAbstract main       INFO ]  ### TEST: domainapp.application.integtests.mml.MetaModelService_IntegTest
                                                            : EXEC org.apache.isis.applib.AppManifestAbstract2$2
/                                                           : EXEC domainapp.modules.simple.SimpleModule$1
]]></system-out>
  </testcase>
</testsuite>